<?xml version="1.0" encoding="UTF-8"?>
<!-- Generated by org.testng.reporters.JUnitReportReporter -->
<testsuite skipped="0" hostname="GSG1PM-FT0384" name="baselab.SetUp" tests="1" failures="0" timestamp="07 May 2019 06:15:38 GMT" time="2627.487" errors="0">
  <testcase name="browserHandling" time="2627.487" classname="baselab.SetUp"/>
</testsuite> <!-- baselab.SetUp -->
